mode: set
github.com/Brandonkhumalo/my-school-hub/go-gateway/audit.go:47.91,57.2 3 0
github.com/Brandonkhumalo/my-school-hub/go-gateway/audit.go:60.46,66.17 5 0
github.com/Brandonkhumalo/my-school-hub/go-gateway/audit.go:66.17,68.3 1 0
github.com/Brandonkhumalo/my-school-hub/go-gateway/audit.go:72.32,74.25 2 0
github.com/Brandonkhumalo/my-school-hub/go-gateway/audit.go:74.25,77.3 2 0
github.com/Brandonkhumalo/my-school-hub/go-gateway/audit.go:78.2,82.23 4 0
github.com/Brandonkhumalo/my-school-hub/go-gateway/audit.go:86.36,89.6 3 0
github.com/Brandonkhumalo/my-school-hub/go-gateway/audit.go:89.6,90.10 1 0
github.com/Brandonkhumalo/my-school-hub/go-gateway/audit.go:91.19,92.14 1 0
github.com/Brandonkhumalo/my-school-hub/go-gateway/audit.go:93.20,94.10 1 0
github.com/Brandonkhumalo/my-school-hub/go-gateway/audit.go:100.56,106.16 4 0
github.com/Brandonkhumalo/my-school-hub/go-gateway/audit.go:106.16,109.3 2 0
github.com/Brandonkhumalo/my-school-hub/go-gateway/audit.go:110.2,112.28 2 0
github.com/Brandonkhumalo/my-school-hub/go-gateway/audit.go:112.28,122.17 3 0
github.com/Brandonkhumalo/my-school-hub/go-gateway/audit.go:122.17,124.4 1 0
github.com/Brandonkhumalo/my-school-hub/go-gateway/audit.go:127.2,127.39 1 0
github.com/Brandonkhumalo/my-school-hub/go-gateway/audit.go:127.39,129.3 1 0
github.com/Brandonkhumalo/my-school-hub/go-gateway/audit.go:133.37,134.12 1 0
github.com/Brandonkhumalo/my-school-hub/go-gateway/audit.go:134.12,136.3 1 0
github.com/Brandonkhumalo/my-school-hub/go-gateway/audit.go:137.2,137.10 1 0
github.com/Brandonkhumalo/my-school-hub/go-gateway/audit.go:152.71,153.71 1 0
github.com/Brandonkhumalo/my-school-hub/go-gateway/audit.go:153.71,155.19 2 0
github.com/Brandonkhumalo/my-school-hub/go-gateway/audit.go:155.19,158.4 2 0
github.com/Brandonkhumalo/my-school-hub/go-gateway/audit.go:160.3,161.34 2 0
github.com/Brandonkhumalo/my-school-hub/go-gateway/audit.go:161.34,162.37 1 0
github.com/Brandonkhumalo/my-school-hub/go-gateway/audit.go:162.37,165.5 2 0
github.com/Brandonkhumalo/my-school-hub/go-gateway/audit.go:169.3,170.90 2 0
github.com/Brandonkhumalo/my-school-hub/go-gateway/audit.go:170.90,172.40 2 0
github.com/Brandonkhumalo/my-school-hub/go-gateway/audit.go:172.40,175.48 3 0
github.com/Brandonkhumalo/my-school-hub/go-gateway/audit.go:175.48,177.82 1 0
github.com/Brandonkhumalo/my-school-hub/go-gateway/audit.go:177.82,179.7 1 0
github.com/Brandonkhumalo/my-school-hub/go-gateway/audit.go:180.6,180.20 1 0
github.com/Brandonkhumalo/my-school-hub/go-gateway/audit.go:186.3,195.18 7 0
github.com/Brandonkhumalo/my-school-hub/go-gateway/audit.go:195.18,197.4 1 0
github.com/Brandonkhumalo/my-school-hub/go-gateway/audit.go:200.3,202.22 3 0
github.com/Brandonkhumalo/my-school-hub/go-gateway/audit.go:202.22,204.4 1 0
github.com/Brandonkhumalo/my-school-hub/go-gateway/audit.go:204.9,204.29 1 0
github.com/Brandonkhumalo/my-school-hub/go-gateway/audit.go:204.29,206.4 1 0
github.com/Brandonkhumalo/my-school-hub/go-gateway/audit.go:209.3,210.40 2 0
github.com/Brandonkhumalo/my-school-hub/go-gateway/audit.go:210.40,211.52 1 0
github.com/Brandonkhumalo/my-school-hub/go-gateway/audit.go:211.52,213.10 2 0
github.com/Brandonkhumalo/my-school-hub/go-gateway/audit.go:218.3,219.56 2 0
github.com/Brandonkhumalo/my-school-hub/go-gateway/audit.go:219.56,221.4 1 0
github.com/Brandonkhumalo/my-school-hub/go-gateway/audit.go:223.3,234.5 1 0
github.com/Brandonkhumalo/my-school-hub/go-gateway/audit.go:245.49,248.2 2 0
github.com/Brandonkhumalo/my-school-hub/go-gateway/auth.go:32.37,33.40 1 1
github.com/Brandonkhumalo/my-school-hub/go-gateway/auth.go:33.40,34.38 1 1
github.com/Brandonkhumalo/my-school-hub/go-gateway/auth.go:34.38,36.4 1 1
github.com/Brandonkhumalo/my-school-hub/go-gateway/auth.go:38.2,38.14 1 1
github.com/Brandonkhumalo/my-school-hub/go-gateway/auth.go:46.101,49.71 2 1
github.com/Brandonkhumalo/my-school-hub/go-gateway/auth.go:49.71,51.31 1 1
github.com/Brandonkhumalo/my-school-hub/go-gateway/auth.go:51.31,54.4 2 1
github.com/Brandonkhumalo/my-school-hub/go-gateway/auth.go:57.3,58.48 2 1
github.com/Brandonkhumalo/my-school-hub/go-gateway/auth.go:58.48,62.4 2 1
github.com/Brandonkhumalo/my-school-hub/go-gateway/auth.go:63.3,66.33 2 1
github.com/Brandonkhumalo/my-school-hub/go-gateway/auth.go:66.33,69.4 2 1
github.com/Brandonkhumalo/my-school-hub/go-gateway/auth.go:72.3,72.77 1 1
github.com/Brandonkhumalo/my-school-hub/go-gateway/auth.go:72.77,73.55 1 1
github.com/Brandonkhumalo/my-school-hub/go-gateway/auth.go:73.55,75.5 1 0
github.com/Brandonkhumalo/my-school-hub/go-gateway/auth.go:76.4,76.24 1 1
github.com/Brandonkhumalo/my-school-hub/go-gateway/auth.go:78.3,78.33 1 1
github.com/Brandonkhumalo/my-school-hub/go-gateway/auth.go:78.33,81.4 2 1
github.com/Brandonkhumalo/my-school-hub/go-gateway/auth.go:83.3,84.10 2 1
github.com/Brandonkhumalo/my-school-hub/go-gateway/auth.go:84.10,87.4 2 0
github.com/Brandonkhumalo/my-school-hub/go-gateway/auth.go:90.3,90.39 1 1
github.com/Brandonkhumalo/my-school-hub/go-gateway/auth.go:90.39,93.4 2 1
github.com/Brandonkhumalo/my-school-hub/go-gateway/auth.go:96.3,97.40 2 1
github.com/Brandonkhumalo/my-school-hub/go-gateway/auth.go:98.16,99.21 1 1
github.com/Brandonkhumalo/my-school-hub/go-gateway/auth.go:100.15,102.18 2 0
github.com/Brandonkhumalo/my-school-hub/go-gateway/auth.go:102.18,105.5 2 0
github.com/Brandonkhumalo/my-school-hub/go-gateway/auth.go:106.4,106.19 1 0
github.com/Brandonkhumalo/my-school-hub/go-gateway/auth.go:107.11,109.10 2 0
github.com/Brandonkhumalo/my-school-hub/go-gateway/auth.go:113.3,114.17 2 1
github.com/Brandonkhumalo/my-school-hub/go-gateway/auth.go:114.17,117.4 2 0
github.com/Brandonkhumalo/my-school-hub/go-gateway/auth.go:120.3,123.24 4 1
github.com/Brandonkhumalo/my-school-hub/go-gateway/auth.go:123.24,125.4 1 1
github.com/Brandonkhumalo/my-school-hub/go-gateway/auth.go:127.3,127.23 1 1
github.com/Brandonkhumalo/my-school-hub/go-gateway/auth.go:132.34,136.2 3 1
github.com/Brandonkhumalo/my-school-hub/go-gateway/auth.go:147.50,152.2 1 0
github.com/Brandonkhumalo/my-school-hub/go-gateway/auth.go:155.55,160.2 4 1
github.com/Brandonkhumalo/my-school-hub/go-gateway/auth.go:163.35,168.16 4 0
github.com/Brandonkhumalo/my-school-hub/go-gateway/auth.go:168.16,171.3 2 0
github.com/Brandonkhumalo/my-school-hub/go-gateway/auth.go:172.2,176.18 4 0
github.com/Brandonkhumalo/my-school-hub/go-gateway/auth.go:176.18,178.39 2 0
github.com/Brandonkhumalo/my-school-hub/go-gateway/auth.go:178.39,181.4 2 0
github.com/Brandonkhumalo/my-school-hub/go-gateway/auth.go:184.2,188.57 4 0
github.com/Brandonkhumalo/my-school-hub/go-gateway/auth.go:192.56,195.21 3 0
github.com/Brandonkhumalo/my-school-hub/go-gateway/auth.go:195.21,197.3 1 0
github.com/Brandonkhumalo/my-school-hub/go-gateway/auth.go:217.69,224.12 2 0
github.com/Brandonkhumalo/my-school-hub/go-gateway/auth.go:224.12,225.7 1 0
github.com/Brandonkhumalo/my-school-hub/go-gateway/auth.go:225.7,229.32 4 0
github.com/Brandonkhumalo/my-school-hub/go-gateway/auth.go:229.32,230.37 1 0
github.com/Brandonkhumalo/my-school-hub/go-gateway/auth.go:230.37,232.6 1 0
github.com/Brandonkhumalo/my-school-hub/go-gateway/auth.go:234.4,234.18 1 0
github.com/Brandonkhumalo/my-school-hub/go-gateway/auth.go:237.2,237.11 1 0
github.com/Brandonkhumalo/my-school-hub/go-gateway/auth.go:241.61,244.70 2 1
github.com/Brandonkhumalo/my-school-hub/go-gateway/auth.go:244.70,247.3 2 1
github.com/Brandonkhumalo/my-school-hub/go-gateway/auth.go:248.2,260.16 7 0
github.com/Brandonkhumalo/my-school-hub/go-gateway/auth.go:260.16,262.3 1 0
github.com/Brandonkhumalo/my-school-hub/go-gateway/auth.go:264.2,265.21 2 0
github.com/Brandonkhumalo/my-school-hub/go-gateway/auth.go:265.21,267.3 1 0
github.com/Brandonkhumalo/my-school-hub/go-gateway/auth.go:269.2,280.18 5 0
github.com/Brandonkhumalo/my-school-hub/go-gateway/db.go:12.59,14.16 2 0
github.com/Brandonkhumalo/my-school-hub/go-gateway/db.go:14.16,16.3 1 0
github.com/Brandonkhumalo/my-school-hub/go-gateway/db.go:19.2,28.16 8 0
github.com/Brandonkhumalo/my-school-hub/go-gateway/db.go:28.16,30.3 1 0
github.com/Brandonkhumalo/my-school-hub/go-gateway/db.go:33.2,33.39 1 0
github.com/Brandonkhumalo/my-school-hub/go-gateway/db.go:33.39,36.3 2 0
github.com/Brandonkhumalo/my-school-hub/go-gateway/db.go:38.2,38.18 1 0
github.com/Brandonkhumalo/my-school-hub/go-gateway/main.go:24.41,26.2 1 1
github.com/Brandonkhumalo/my-school-hub/go-gateway/main.go:37.49,38.9 1 1
github.com/Brandonkhumalo/my-school-hub/go-gateway/main.go:39.48,40.23 1 1
github.com/Brandonkhumalo/my-school-hub/go-gateway/main.go:41.68,42.24 1 1
github.com/Brandonkhumalo/my-school-hub/go-gateway/main.go:43.52,44.24 1 1
github.com/Brandonkhumalo/my-school-hub/go-gateway/main.go:45.30,46.24 1 1
github.com/Brandonkhumalo/my-school-hub/go-gateway/main.go:47.10,48.22 1 1
github.com/Brandonkhumalo/my-school-hub/go-gateway/main.go:53.13,61.16 4 0
github.com/Brandonkhumalo/my-school-hub/go-gateway/main.go:61.16,63.3 1 0
github.com/Brandonkhumalo/my-school-hub/go-gateway/main.go:64.2,80.16 9 0
github.com/Brandonkhumalo/my-school-hub/go-gateway/main.go:80.16,82.3 1 0
github.com/Brandonkhumalo/my-school-hub/go-gateway/main.go:83.2,86.16 3 0
github.com/Brandonkhumalo/my-school-hub/go-gateway/main.go:86.16,88.3 1 0
github.com/Brandonkhumalo/my-school-hub/go-gateway/main.go:89.2,92.16 3 0
github.com/Brandonkhumalo/my-school-hub/go-gateway/main.go:92.16,94.3 1 0
github.com/Brandonkhumalo/my-school-hub/go-gateway/main.go:95.2,103.74 2 0
github.com/Brandonkhumalo/my-school-hub/go-gateway/main.go:103.74,104.40 1 0
github.com/Brandonkhumalo/my-school-hub/go-gateway/main.go:105.22,106.32 1 0
github.com/Brandonkhumalo/my-school-hub/go-gateway/main.go:107.23,108.33 1 0
github.com/Brandonkhumalo/my-school-hub/go-gateway/main.go:109.11,110.31 1 0
github.com/Brandonkhumalo/my-school-hub/go-gateway/main.go:115.2,139.12 7 0
github.com/Brandonkhumalo/my-school-hub/go-gateway/main.go:139.12,148.3 8 0
github.com/Brandonkhumalo/my-school-hub/go-gateway/main.go:150.2,152.62 2 0
github.com/Brandonkhumalo/my-school-hub/go-gateway/main.go:152.62,154.3 1 0
github.com/Brandonkhumalo/my-school-hub/go-gateway/main.go:170.26,173.18 3 0
github.com/Brandonkhumalo/my-school-hub/go-gateway/main.go:173.18,175.3 1 0
github.com/Brandonkhumalo/my-school-hub/go-gateway/main.go:176.2,177.17 2 0
github.com/Brandonkhumalo/my-school-hub/go-gateway/main.go:177.17,179.3 1 0
github.com/Brandonkhumalo/my-school-hub/go-gateway/main.go:180.2,185.25 6 0
github.com/Brandonkhumalo/my-school-hub/go-gateway/main.go:185.25,187.3 1 0
github.com/Brandonkhumalo/my-school-hub/go-gateway/main.go:189.2,197.3 1 0
github.com/Brandonkhumalo/my-school-hub/go-gateway/main.go:201.42,202.34 1 0
github.com/Brandonkhumalo/my-school-hub/go-gateway/main.go:202.34,204.3 1 0
github.com/Brandonkhumalo/my-school-hub/go-gateway/main.go:205.2,205.17 1 0
github.com/Brandonkhumalo/my-school-hub/go-gateway/main.go:221.58,223.12 1 0
github.com/Brandonkhumalo/my-school-hub/go-gateway/main.go:223.12,224.7 1 0
github.com/Brandonkhumalo/my-school-hub/go-gateway/main.go:224.7,227.32 3 0
github.com/Brandonkhumalo/my-school-hub/go-gateway/main.go:227.32,228.47 1 0
github.com/Brandonkhumalo/my-school-hub/go-gateway/main.go:228.47,230.6 1 0
github.com/Brandonkhumalo/my-school-hub/go-gateway/main.go:232.4,232.23 1 0
github.com/Brandonkhumalo/my-school-hub/go-gateway/main.go:236.2,236.71 1 0
github.com/Brandonkhumalo/my-school-hub/go-gateway/main.go:236.71,238.56 2 0
github.com/Brandonkhumalo/my-school-hub/go-gateway/main.go:238.56,240.4 1 0
github.com/Brandonkhumalo/my-school-hub/go-gateway/main.go:242.3,244.14 3 0
github.com/Brandonkhumalo/my-school-hub/go-gateway/main.go:244.14,247.4 2 0
github.com/Brandonkhumalo/my-school-hub/go-gateway/main.go:250.3,252.21 3 0
github.com/Brandonkhumalo/my-school-hub/go-gateway/main.go:252.21,254.4 1 0
github.com/Brandonkhumalo/my-school-hub/go-gateway/main.go:255.3,257.20 2 0
github.com/Brandonkhumalo/my-school-hub/go-gateway/main.go:257.20,261.4 3 0
github.com/Brandonkhumalo/my-school-hub/go-gateway/main.go:262.3,265.23 3 0
github.com/Brandonkhumalo/my-school-hub/go-gateway/main.go:272.78,274.35 2 0
github.com/Brandonkhumalo/my-school-hub/go-gateway/main.go:274.35,276.3 1 0
github.com/Brandonkhumalo/my-school-hub/go-gateway/main.go:278.2,278.71 1 0
github.com/Brandonkhumalo/my-school-hub/go-gateway/main.go:278.71,280.24 2 0
github.com/Brandonkhumalo/my-school-hub/go-gateway/main.go:280.24,285.4 4 0
github.com/Brandonkhumalo/my-school-hub/go-gateway/main.go:287.3,287.37 1 0
github.com/Brandonkhumalo/my-school-hub/go-gateway/main.go:287.37,290.4 2 0
github.com/Brandonkhumalo/my-school-hub/go-gateway/main.go:292.3,292.23 1 0
