mode: set
github.com/Brandonkhumalo/my-school-hub/go-services/config.go:27.26,29.17 2 0
github.com/Brandonkhumalo/my-school-hub/go-services/config.go:29.17,31.3 1 0
github.com/Brandonkhumalo/my-school-hub/go-services/config.go:33.2,42.3 1 0
github.com/Brandonkhumalo/my-school-hub/go-services/config.go:46.42,47.34 1 0
github.com/Brandonkhumalo/my-school-hub/go-services/config.go:47.34,49.3 1 0
github.com/Brandonkhumalo/my-school-hub/go-services/config.go:50.2,50.17 1 0
github.com/Brandonkhumalo/my-school-hub/go-services/db.go:11.57,13.16 2 0
github.com/Brandonkhumalo/my-school-hub/go-services/db.go:13.16,15.3 1 0
github.com/Brandonkhumalo/my-school-hub/go-services/db.go:16.2,25.16 8 0
github.com/Brandonkhumalo/my-school-hub/go-services/db.go:25.16,27.3 1 0
github.com/Brandonkhumalo/my-school-hub/go-services/db.go:28.2,28.39 1 0
github.com/Brandonkhumalo/my-school-hub/go-services/db.go:28.39,31.3 2 0
github.com/Brandonkhumalo/my-school-hub/go-services/db.go:32.2,32.18 1 0
github.com/Brandonkhumalo/my-school-hub/go-services/email.go:41.42,44.54 2 0
github.com/Brandonkhumalo/my-school-hub/go-services/email.go:44.54,46.62 2 0
github.com/Brandonkhumalo/my-school-hub/go-services/email.go:46.62,49.4 2 0
github.com/Brandonkhumalo/my-school-hub/go-services/email.go:51.3,51.44 1 0
github.com/Brandonkhumalo/my-school-hub/go-services/email.go:51.44,54.4 2 0
github.com/Brandonkhumalo/my-school-hub/go-services/email.go:57.3,59.32 3 0
github.com/Brandonkhumalo/my-school-hub/go-services/email.go:59.32,61.27 2 0
github.com/Brandonkhumalo/my-school-hub/go-services/email.go:61.27,64.5 2 0
github.com/Brandonkhumalo/my-school-hub/go-services/email.go:67.3,68.39 2 0
github.com/Brandonkhumalo/my-school-hub/go-services/email.go:68.39,70.4 1 0
github.com/Brandonkhumalo/my-school-hub/go-services/email.go:72.3,72.17 1 0
github.com/Brandonkhumalo/my-school-hub/go-services/email.go:72.17,75.4 2 0
github.com/Brandonkhumalo/my-school-hub/go-services/email.go:78.3,82.5 2 0
github.com/Brandonkhumalo/my-school-hub/go-services/email.go:87.67,88.28 1 0
github.com/Brandonkhumalo/my-school-hub/go-services/email.go:88.28,91.3 2 0
github.com/Brandonkhumalo/my-school-hub/go-services/email.go:93.2,107.16 8 0
github.com/Brandonkhumalo/my-school-hub/go-services/email.go:107.16,110.3 2 0
github.com/Brandonkhumalo/my-school-hub/go-services/email.go:111.2,113.54 2 0
github.com/Brandonkhumalo/my-school-hub/go-services/email.go:113.54,115.3 1 0
github.com/Brandonkhumalo/my-school-hub/go-services/email.go:115.8,118.3 2 0
github.com/Brandonkhumalo/my-school-hub/go-services/email.go:123.130,172.2 6 0
github.com/Brandonkhumalo/my-school-hub/go-services/email.go:175.78,239.2 1 0
github.com/Brandonkhumalo/my-school-hub/go-services/email.go:243.74,246.22 3 0
github.com/Brandonkhumalo/my-school-hub/go-services/email.go:246.22,248.3 1 0
github.com/Brandonkhumalo/my-school-hub/go-services/email.go:250.2,252.18 2 0
github.com/Brandonkhumalo/my-school-hub/go-services/email.go:253.26,256.40 3 0
github.com/Brandonkhumalo/my-school-hub/go-services/email.go:257.22,260.36 3 0
github.com/Brandonkhumalo/my-school-hub/go-services/email.go:261.30,264.43 3 0
github.com/Brandonkhumalo/my-school-hub/go-services/email.go:265.24,268.38 3 0
github.com/Brandonkhumalo/my-school-hub/go-services/email.go:269.27,272.33 3 0
github.com/Brandonkhumalo/my-school-hub/go-services/email.go:273.22,276.37 3 0
github.com/Brandonkhumalo/my-school-hub/go-services/email.go:277.25,280.39 3 0
github.com/Brandonkhumalo/my-school-hub/go-services/email.go:281.10,283.22 1 0
github.com/Brandonkhumalo/my-school-hub/go-services/email.go:286.2,286.62 1 0
github.com/Brandonkhumalo/my-school-hub/go-services/email.go:290.59,311.2 2 0
github.com/Brandonkhumalo/my-school-hub/go-services/email.go:314.55,333.2 1 0
github.com/Brandonkhumalo/my-school-hub/go-services/email.go:336.62,352.2 1 0
github.com/Brandonkhumalo/my-school-hub/go-services/email.go:355.57,373.2 1 0
github.com/Brandonkhumalo/my-school-hub/go-services/email.go:376.52,395.2 1 0
github.com/Brandonkhumalo/my-school-hub/go-services/email.go:398.56,411.2 1 0
github.com/Brandonkhumalo/my-school-hub/go-services/email.go:414.58,432.2 1 0
github.com/Brandonkhumalo/my-school-hub/go-services/email.go:435.62,439.27 4 0
github.com/Brandonkhumalo/my-school-hub/go-services/email.go:439.27,441.3 1 0
github.com/Brandonkhumalo/my-school-hub/go-services/email.go:442.2,443.20 2 0
github.com/Brandonkhumalo/my-school-hub/go-services/email.go:447.24,448.11 1 0
github.com/Brandonkhumalo/my-school-hub/go-services/email.go:448.11,450.3 1 0
github.com/Brandonkhumalo/my-school-hub/go-services/email.go:451.2,451.10 1 0
github.com/Brandonkhumalo/my-school-hub/go-services/main.go:16.13,22.16 4 0
github.com/Brandonkhumalo/my-school-hub/go-services/main.go:22.16,24.3 1 0
github.com/Brandonkhumalo/my-school-hub/go-services/main.go:25.2,30.77 3 0
github.com/Brandonkhumalo/my-school-hub/go-services/main.go:30.77,32.3 1 0
github.com/Brandonkhumalo/my-school-hub/go-services/main.go:35.2,56.12 8 0
github.com/Brandonkhumalo/my-school-hub/go-services/main.go:56.12,64.3 7 0
github.com/Brandonkhumalo/my-school-hub/go-services/main.go:66.2,67.62 2 0
github.com/Brandonkhumalo/my-school-hub/go-services/main.go:67.62,69.3 1 0
github.com/Brandonkhumalo/my-school-hub/go-services/main.go:74.58,75.71 1 1
github.com/Brandonkhumalo/my-school-hub/go-services/main.go:75.71,79.78 2 1
github.com/Brandonkhumalo/my-school-hub/go-services/main.go:79.78,82.4 2 1
github.com/Brandonkhumalo/my-school-hub/go-services/main.go:85.3,85.82 1 1
github.com/Brandonkhumalo/my-school-hub/go-services/main.go:85.82,88.4 2 1
github.com/Brandonkhumalo/my-school-hub/go-services/main.go:89.3,89.23 1 1
github.com/Brandonkhumalo/my-school-hub/go-services/paynow.go:31.81,33.25 2 0
github.com/Brandonkhumalo/my-school-hub/go-services/paynow.go:33.25,35.3 1 0
github.com/Brandonkhumalo/my-school-hub/go-services/paynow.go:36.2,38.32 3 0
github.com/Brandonkhumalo/my-school-hub/go-services/paynow.go:42.57,45.29 3 0
github.com/Brandonkhumalo/my-school-hub/go-services/paynow.go:45.29,47.19 2 0
github.com/Brandonkhumalo/my-school-hub/go-services/paynow.go:47.19,51.4 3 0
github.com/Brandonkhumalo/my-school-hub/go-services/paynow.go:53.2,53.15 1 0
github.com/Brandonkhumalo/my-school-hub/go-services/paynow.go:67.75,86.16 14 0
github.com/Brandonkhumalo/my-school-hub/go-services/paynow.go:86.16,89.3 2 0
github.com/Brandonkhumalo/my-school-hub/go-services/paynow.go:90.2,95.97 4 0
github.com/Brandonkhumalo/my-school-hub/go-services/paynow.go:95.97,101.3 1 0
github.com/Brandonkhumalo/my-school-hub/go-services/paynow.go:103.2,104.18 2 0
github.com/Brandonkhumalo/my-school-hub/go-services/paynow.go:104.18,106.3 1 0
github.com/Brandonkhumalo/my-school-hub/go-services/paynow.go:107.2,108.52 2 0
github.com/Brandonkhumalo/my-school-hub/go-services/paynow.go:113.90,132.16 16 0
github.com/Brandonkhumalo/my-school-hub/go-services/paynow.go:132.16,135.3 2 0
github.com/Brandonkhumalo/my-school-hub/go-services/paynow.go:136.2,142.47 4 0
github.com/Brandonkhumalo/my-school-hub/go-services/paynow.go:142.47,149.3 1 0
github.com/Brandonkhumalo/my-school-hub/go-services/paynow.go:151.2,152.18 2 0
github.com/Brandonkhumalo/my-school-hub/go-services/paynow.go:152.18,154.3 1 0
github.com/Brandonkhumalo/my-school-hub/go-services/paynow.go:155.2,156.52 2 0
github.com/Brandonkhumalo/my-school-hub/go-services/paynow.go:160.95,162.16 2 0
github.com/Brandonkhumalo/my-school-hub/go-services/paynow.go:162.16,165.3 2 0
github.com/Brandonkhumalo/my-school-hub/go-services/paynow.go:166.2,175.68 7 0
github.com/Brandonkhumalo/my-school-hub/go-services/paynow.go:175.68,177.3 1 0
github.com/Brandonkhumalo/my-school-hub/go-services/paynow.go:179.2,183.3 1 0
github.com/Brandonkhumalo/my-school-hub/go-services/paynow.go:199.65,202.54 2 0
github.com/Brandonkhumalo/my-school-hub/go-services/paynow.go:202.54,204.87 2 0
github.com/Brandonkhumalo/my-school-hub/go-services/paynow.go:204.87,207.4 2 0
github.com/Brandonkhumalo/my-school-hub/go-services/paynow.go:209.3,214.62 5 0
github.com/Brandonkhumalo/my-school-hub/go-services/paynow.go:214.62,217.4 2 0
github.com/Brandonkhumalo/my-school-hub/go-services/paynow.go:219.3,219.22 1 0
github.com/Brandonkhumalo/my-school-hub/go-services/paynow.go:219.22,222.4 2 0
github.com/Brandonkhumalo/my-school-hub/go-services/paynow.go:223.3,223.23 1 0
github.com/Brandonkhumalo/my-school-hub/go-services/paynow.go:223.23,225.4 1 0
github.com/Brandonkhumalo/my-school-hub/go-services/paynow.go:226.3,227.28 2 0
github.com/Brandonkhumalo/my-school-hub/go-services/paynow.go:227.28,229.4 1 0
github.com/Brandonkhumalo/my-school-hub/go-services/paynow.go:232.3,242.64 5 0
github.com/Brandonkhumalo/my-school-hub/go-services/paynow.go:242.64,247.4 2 0
github.com/Brandonkhumalo/my-school-hub/go-services/paynow.go:250.3,250.26 1 0
github.com/Brandonkhumalo/my-school-hub/go-services/paynow.go:250.26,258.4 3 0
github.com/Brandonkhumalo/my-school-hub/go-services/paynow.go:261.3,266.86 4 0
github.com/Brandonkhumalo/my-school-hub/go-services/paynow.go:266.86,267.30 1 0
github.com/Brandonkhumalo/my-school-hub/go-services/paynow.go:267.30,270.5 2 0
github.com/Brandonkhumalo/my-school-hub/go-services/paynow.go:271.4,273.46 1 0
github.com/Brandonkhumalo/my-school-hub/go-services/paynow.go:274.9,277.4 1 0
github.com/Brandonkhumalo/my-school-hub/go-services/paynow.go:279.3,279.21 1 0
github.com/Brandonkhumalo/my-school-hub/go-services/paynow.go:279.21,281.27 2 0
github.com/Brandonkhumalo/my-school-hub/go-services/paynow.go:281.27,283.5 1 0
github.com/Brandonkhumalo/my-school-hub/go-services/paynow.go:284.4,290.6 1 0
github.com/Brandonkhumalo/my-school-hub/go-services/paynow.go:291.9,293.20 2 0
github.com/Brandonkhumalo/my-school-hub/go-services/paynow.go:293.20,295.5 1 0
github.com/Brandonkhumalo/my-school-hub/go-services/paynow.go:296.4,296.75 1 0
github.com/Brandonkhumalo/my-school-hub/go-services/paynow.go:303.65,304.54 1 0
github.com/Brandonkhumalo/my-school-hub/go-services/paynow.go:304.54,305.39 1 0
github.com/Brandonkhumalo/my-school-hub/go-services/paynow.go:305.39,308.4 1 0
github.com/Brandonkhumalo/my-school-hub/go-services/paynow.go:310.3,318.62 6 0
github.com/Brandonkhumalo/my-school-hub/go-services/paynow.go:318.62,328.18 4 0
github.com/Brandonkhumalo/my-school-hub/go-services/paynow.go:328.18,330.5 1 0
github.com/Brandonkhumalo/my-school-hub/go-services/paynow.go:333.4,333.55 1 0
github.com/Brandonkhumalo/my-school-hub/go-services/paynow.go:336.3,336.71 1 0
github.com/Brandonkhumalo/my-school-hub/go-services/paynow.go:342.76,366.16 5 0
github.com/Brandonkhumalo/my-school-hub/go-services/paynow.go:366.16,369.3 2 0
github.com/Brandonkhumalo/my-school-hub/go-services/paynow.go:370.2,372.18 2 0
github.com/Brandonkhumalo/my-school-hub/go-services/paynow.go:372.18,374.101 2 0
github.com/Brandonkhumalo/my-school-hub/go-services/paynow.go:374.101,375.12 1 0
github.com/Brandonkhumalo/my-school-hub/go-services/paynow.go:378.3,378.112 1 0
github.com/Brandonkhumalo/my-school-hub/go-services/paynow.go:383.63,384.54 1 0
github.com/Brandonkhumalo/my-school-hub/go-services/paynow.go:384.54,386.20 2 0
github.com/Brandonkhumalo/my-school-hub/go-services/paynow.go:386.20,389.4 2 0
github.com/Brandonkhumalo/my-school-hub/go-services/paynow.go:391.3,404.17 7 0
github.com/Brandonkhumalo/my-school-hub/go-services/paynow.go:404.17,407.4 2 0
github.com/Brandonkhumalo/my-school-hub/go-services/paynow.go:409.3,410.38 2 0
github.com/Brandonkhumalo/my-school-hub/go-services/paynow.go:415.69,419.2 3 0
github.com/Brandonkhumalo/my-school-hub/go-services/report_card.go:42.61,43.54 1 0
github.com/Brandonkhumalo/my-school-hub/go-services/report_card.go:43.54,46.63 2 0
github.com/Brandonkhumalo/my-school-hub/go-services/report_card.go:46.63,49.4 2 0
github.com/Brandonkhumalo/my-school-hub/go-services/report_card.go:51.3,53.34 3 0
github.com/Brandonkhumalo/my-school-hub/go-services/report_card.go:53.34,56.4 2 0
github.com/Brandonkhumalo/my-school-hub/go-services/report_card.go:58.3,60.17 3 0
github.com/Brandonkhumalo/my-school-hub/go-services/report_card.go:60.17,63.4 2 0
github.com/Brandonkhumalo/my-school-hub/go-services/report_card.go:65.3,76.17 7 0
github.com/Brandonkhumalo/my-school-hub/go-services/report_card.go:76.17,79.4 2 0
github.com/Brandonkhumalo/my-school-hub/go-services/report_card.go:83.3,99.17 3 0
github.com/Brandonkhumalo/my-school-hub/go-services/report_card.go:99.17,102.4 2 0
github.com/Brandonkhumalo/my-school-hub/go-services/report_card.go:105.3,112.17 2 0
github.com/Brandonkhumalo/my-school-hub/go-services/report_card.go:112.17,116.4 3 0
github.com/Brandonkhumalo/my-school-hub/go-services/report_card.go:117.3,120.19 3 0
github.com/Brandonkhumalo/my-school-hub/go-services/report_card.go:120.19,122.92 2 0
github.com/Brandonkhumalo/my-school-hub/go-services/report_card.go:122.92,123.13 1 0
github.com/Brandonkhumalo/my-school-hub/go-services/report_card.go:125.4,125.33 1 0
github.com/Brandonkhumalo/my-school-hub/go-services/report_card.go:129.3,137.17 3 0
github.com/Brandonkhumalo/my-school-hub/go-services/report_card.go:137.17,139.4 1 0
github.com/Brandonkhumalo/my-school-hub/go-services/report_card.go:142.3,143.17 2 0
github.com/Brandonkhumalo/my-school-hub/go-services/report_card.go:143.17,147.4 3 0
github.com/Brandonkhumalo/my-school-hub/go-services/report_card.go:149.3,153.20 5 0
github.com/Brandonkhumalo/my-school-hub/go-services/report_card.go:158.138,175.57 11 0
github.com/Brandonkhumalo/my-school-hub/go-services/report_card.go:175.57,191.3 10 0
github.com/Brandonkhumalo/my-school-hub/go-services/report_card.go:193.2,203.23 8 0
github.com/Brandonkhumalo/my-school-hub/go-services/report_card.go:203.23,206.3 2 0
github.com/Brandonkhumalo/my-school-hub/go-services/report_card.go:206.8,215.29 6 0
github.com/Brandonkhumalo/my-school-hub/go-services/report_card.go:215.29,217.14 2 0
github.com/Brandonkhumalo/my-school-hub/go-services/report_card.go:217.14,219.5 1 0
github.com/Brandonkhumalo/my-school-hub/go-services/report_card.go:220.4,220.61 1 0
github.com/Brandonkhumalo/my-school-hub/go-services/report_card.go:222.3,228.32 4 0
github.com/Brandonkhumalo/my-school-hub/go-services/report_card.go:228.32,230.18 1 0
github.com/Brandonkhumalo/my-school-hub/go-services/report_card.go:230.18,232.5 1 0
github.com/Brandonkhumalo/my-school-hub/go-services/report_card.go:232.10,234.5 1 0
github.com/Brandonkhumalo/my-school-hub/go-services/report_card.go:236.4,237.23 2 0
github.com/Brandonkhumalo/my-school-hub/go-services/report_card.go:237.23,239.5 1 0
github.com/Brandonkhumalo/my-school-hub/go-services/report_card.go:240.4,247.63 7 0
github.com/Brandonkhumalo/my-school-hub/go-services/report_card.go:252.2,261.16 8 0
github.com/Brandonkhumalo/my-school-hub/go-services/report_card.go:261.16,263.3 1 0
github.com/Brandonkhumalo/my-school-hub/go-services/report_card.go:264.2,264.25 1 0
github.com/Brandonkhumalo/my-school-hub/go-services/report_card.go:268.36,269.9 1 0
github.com/Brandonkhumalo/my-school-hub/go-services/report_card.go:270.17,271.13 1 0
github.com/Brandonkhumalo/my-school-hub/go-services/report_card.go:272.17,273.13 1 0
github.com/Brandonkhumalo/my-school-hub/go-services/report_card.go:274.17,275.13 1 0
github.com/Brandonkhumalo/my-school-hub/go-services/report_card.go:276.17,277.13 1 0
github.com/Brandonkhumalo/my-school-hub/go-services/report_card.go:278.10,279.13 1 0
github.com/Brandonkhumalo/my-school-hub/go-services/report_card.go:303.65,304.54 1 0
github.com/Brandonkhumalo/my-school-hub/go-services/report_card.go:304.54,306.43 2 0
github.com/Brandonkhumalo/my-school-hub/go-services/report_card.go:306.43,309.4 2 0
github.com/Brandonkhumalo/my-school-hub/go-services/report_card.go:311.3,312.62 2 0
github.com/Brandonkhumalo/my-school-hub/go-services/report_card.go:312.62,315.4 2 0
github.com/Brandonkhumalo/my-school-hub/go-services/report_card.go:319.3,323.5 2 0
github.com/Brandonkhumalo/my-school-hub/go-services/whatsapp.go:28.45,31.54 2 0
github.com/Brandonkhumalo/my-school-hub/go-services/whatsapp.go:31.54,33.62 2 0
github.com/Brandonkhumalo/my-school-hub/go-services/whatsapp.go:33.62,36.4 2 0
github.com/Brandonkhumalo/my-school-hub/go-services/whatsapp.go:38.3,38.49 1 0
github.com/Brandonkhumalo/my-school-hub/go-services/whatsapp.go:38.49,41.4 2 0
github.com/Brandonkhumalo/my-school-hub/go-services/whatsapp.go:44.3,48.5 2 0
github.com/Brandonkhumalo/my-school-hub/go-services/whatsapp.go:54.85,55.63 1 0
github.com/Brandonkhumalo/my-school-hub/go-services/whatsapp.go:55.63,58.3 2 0
github.com/Brandonkhumalo/my-school-hub/go-services/whatsapp.go:60.2,72.53 5 0
github.com/Brandonkhumalo/my-school-hub/go-services/whatsapp.go:72.53,73.18 1 0
github.com/Brandonkhumalo/my-school-hub/go-services/whatsapp.go:73.18,78.4 3 0
github.com/Brandonkhumalo/my-school-hub/go-services/whatsapp.go:80.3,85.17 5 0
github.com/Brandonkhumalo/my-school-hub/go-services/whatsapp.go:85.17,87.12 2 0
github.com/Brandonkhumalo/my-school-hub/go-services/whatsapp.go:90.3,93.54 3 0
github.com/Brandonkhumalo/my-school-hub/go-services/whatsapp.go:93.54,96.4 2 0
github.com/Brandonkhumalo/my-school-hub/go-services/whatsapp.go:98.3,98.125 1 0
github.com/Brandonkhumalo/my-school-hub/go-services/whatsapp.go:101.2,101.83 1 0
